101.11.09 11:03 B C:\marks\Homepage\BLUHORSA.GIF <-- USU VMS Cluster DISK$SK5:[R.MARKS.WWW] BLUHORSA.GIF;1
101.11.09 11:03 B C:\marks\Homepage\BLUTEXTB.GIF <-- USU VMS Cluster DISK$SK5:[R.MARKS.WWW] BLUTEXTB.GIF;1
101.11.09 11:03 B C:\marks\Homepage\INDEX.HTML <-- USU VMS Cluster DISK$SK5:[R.MARKS.WWW] INDEX.HTML;7
101.11.09 11:03 B C:\marks\Homepage\SAMPLEPROGRAMS.ZIP <-- USU VMS Cluster DISK$SK5:[R.MARKS.WWW] SAMPLEPROGRAMS.ZIP;1
101.11.09 11:34 B C:\marks\Homepage\INDEX.HTML --> cc.usu.edu DISK$SK5:[R.MARKS.WWW] INDEX.HTML
101.11.09 11:34 B C:\marks\Homepage\Mark.jpg --> cc.usu.edu DISK$SK5:[R.MARKS.WWW] Mark.jpg
101.11.09 11:35 B C:\marks\Homepage\Resume 10-22-01.doc --> cc.usu.edu DISK$SK5:[R.MARKS.WWW] Resume 10-22-01.doc
101.11.09 11:37 B C:\marks\Homepage\INDEX.HTML --> cc.usu.edu DISK$SK5:[R.MARKS.WWW] INDEX.HTML
2002.07.17 08:06 B C:\Documents and Settings\Mark Salisbury\My Documents\Homepage\counter.html <-- cc.usu.edu DISK$SK5:[R.MARKS.WWW] counter.html;3
2002.07.17 08:06 B C:\Documents and Settings\Mark Salisbury\My Documents\Homepage\INDEX.HTML <-- cc.usu.edu DISK$SK5:[R.MARKS.WWW] INDEX.HTML;15
2002.07.17 08:06 B C:\Documents and Settings\Mark Salisbury\My Documents\Homepage\mark.html <-- cc.usu.edu DISK$SK5:[R.MARKS.WWW] mark.html;1
2002.07.17 08:09 B C:\Documents and Settings\Mark Salisbury\My Documents\Homepage\mark.html --> cc.usu.edu DISK$SK5:[R.MARKS.WWW] mark.html
2002.07.17 08:20 B C:\Documents and Settings\Mark Salisbury\My Documents\Homepage\mark.html --> cc.usu.edu DISK$SK5:[R.MARKS.WWW] mark.html
2002.07.17 08:20 B C:\Documents and Settings\Mark Salisbury\My Documents\Homepage\mark.html --> cc.usu.edu DISK$SK5:[R.MARKS.WWW] mark.html
2002.07.17 08:31 B C:\Documents and Settings\Mark Salisbury\My Documents\Homepage\mark.html --> cc.usu.edu DISK$SK5:[R.MARKS.WWW] mark.html
2002.07.17 08:34 B C:\Documents and Settings\Mark Salisbury\My Documents\Homepage\RANCHPRO.HTM <-- cc.usu.edu DISK$SK5:[R.MARKS.WWW] RANCHPRO.HTM;1
2002.07.17 08:37 B C:\Documents and Settings\Mark Salisbury\My Documents\Homepage\ranchpro.htm --> cc.usu.edu DISK$SK5:[R.MARKS.WWW] ranchpro.htm
2002.07.17 08:37 B C:\Documents and Settings\Mark Salisbury\My Documents\Homepage\ranchpro.htm --> cc.usu.edu DISK$SK5:[R.MARKS.WWW] ranchpro.htm
2002.07.17 08:38 B C:\Documents and Settings\Mark Salisbury\My Documents\Homepage\ranchpro.htm --> cc.usu.edu DISK$SK5:[R.MARKS.WWW] ranchpro.htm
2002.07.17 08:41 B C:\Documents and Settings\Mark Salisbury\My Documents\Homepage\mark.html --> cc.usu.edu DISK$SK5:[R.MARKS.WWW] mark.html
2002.07.19 13:56 B C:\Documents and Settings\Mark Salisbury\My Documents\Homepage\ranchpro.htm --> cc.usu.edu DISK$SK5:[R.MARKS.WWW] ranchpro.htm
